<?xml version="1.0" encoding="UTF-8"?><testrun name="spring-boot-cs (1)" project="spring-boot-cs" tests="25" started="25" failures="1" errors="0" ignored="0">
  <testsuite name="com.test.demo.DemoApplicationTests" time="0.378" displayname="DemoApplicationTests" uniqueid="[engine:junit-jupiter]/[class:com.test.demo.DemoApplicationTests]">
    <testcase name="contextLoads" classname="com.test.demo.DemoApplicationTests" time="0.378" displayname="contextLoads()" uniqueid="[engine:junit-jupiter]/[class:com.test.demo.DemoApplicationTests]/[method:contextLoads()]"/>
  </testsuite>
  <testsuite name="com.test.demo.services.tests.UserDetailsServiceImplTests" time="0.035" displayname="UserDetailsServiceImplTests" uniqueid="[engine:junit-jupiter]/[class:com.test.demo.services.tests.UserDetailsServiceImplTests]">
    <testcase name="testloadUserByUsernameInvalid" classname="com.test.demo.services.tests.UserDetailsServiceImplTests" time="0.025" displayname="Test loadUserByUsername Invalid" uniqueid="[engine:junit-jupiter]/[class:com.test.demo.services.tests.UserDetailsServiceImplTests]/[method:testloadUserByUsernameInvalid()]"/>
    <testcase name="testloadUserByUsernameSuccess" classname="com.test.demo.services.tests.UserDetailsServiceImplTests" time="0.007" displayname="Test loadUserByUsername Success" uniqueid="[engine:junit-jupiter]/[class:com.test.demo.services.tests.UserDetailsServiceImplTests]/[method:testloadUserByUsernameSuccess()]"/>
  </testsuite>
  <testsuite name="com.test.demo.services.tests.AuthenticationServiceTests" time="0.071" displayname="AuthenticationServiceTests" uniqueid="[engine:junit-jupiter]/[class:com.test.demo.services.tests.AuthenticationServiceTests]">
    <testcase name="testAuthenticate" classname="com.test.demo.services.tests.AuthenticationServiceTests" time="0.054" displayname="Test authenticate Success" uniqueid="[engine:junit-jupiter]/[class:com.test.demo.services.tests.AuthenticationServiceTests]/[method:testAuthenticate()]"/>
    <testcase name="testAuthenticateInvalidUser" classname="com.test.demo.services.tests.AuthenticationServiceTests" time="0.01" displayname="Test authenticate Invalid User" uniqueid="[engine:junit-jupiter]/[class:com.test.demo.services.tests.AuthenticationServiceTests]/[method:testAuthenticateInvalidUser()]"/>
    <testcase name="testAuthenticateInvalidCredentials" classname="com.test.demo.services.tests.AuthenticationServiceTests" time="0.004" displayname="Test authenticate Invalid Credentials" uniqueid="[engine:junit-jupiter]/[class:com.test.demo.services.tests.AuthenticationServiceTests]/[method:testAuthenticateInvalidCredentials()]"/>
  </testsuite>
  <testsuite name="com.test.demo.services.tests.ProductServiceTest" time="0.07" displayname="ProductServiceTest" uniqueid="[engine:junit-jupiter]/[class:com.test.demo.services.tests.ProductServiceTest]">
    <testcase name="testDeleteByIdInvalid" classname="com.test.demo.services.tests.ProductServiceTest" time="0.006" displayname="Test deleteById Invalid" uniqueid="[engine:junit-jupiter]/[class:com.test.demo.services.tests.ProductServiceTest]/[method:testDeleteByIdInvalid()]"/>
    <testcase name="testGetByIdInvalid" classname="com.test.demo.services.tests.ProductServiceTest" time="0.014" displayname="Test getById Invalid" uniqueid="[engine:junit-jupiter]/[class:com.test.demo.services.tests.ProductServiceTest]/[method:testGetByIdInvalid()]">
      <failure>org.opentest4j.AssertionFailedError: Unexpected exception type thrown ==&gt; expected: &lt;com.test.demo.exceptions.ItemNotFoundException&gt; but was: &lt;java.lang.NullPointerException&gt;&#13;
	at org.junit.jupiter.api.AssertThrows.assertThrows(AssertThrows.java:65)&#13;
	at org.junit.jupiter.api.AssertThrows.assertThrows(AssertThrows.java:37)&#13;
	at org.junit.jupiter.api.Assertions.assertThrows(Assertions.java:3007)&#13;
	at com.test.demo.services.tests.ProductServiceTest.testGetByIdInvalid(ProductServiceTest.java:71)&#13;
	at java.base/jdk.internal.reflect.NativeMethodAccessorImpl.invoke0(Native Method)&#13;
	at java.base/jdk.internal.reflect.NativeMethodAccessorImpl.invoke(NativeMethodAccessorImpl.java:64)&#13;
	at java.base/jdk.internal.reflect.DelegatingMethodAccessorImpl.invoke(DelegatingMethodAccessorImpl.java:43)&#13;
	at java.base/java.lang.reflect.Method.invoke(Method.java:564)&#13;
	at org.junit.platform.commons.util.ReflectionUtils.invokeMethod(ReflectionUtils.java:688)&#13;
	at org.junit.jupiter.engine.execution.MethodInvocation.proceed(MethodInvocation.java:60)&#13;
	at org.junit.jupiter.engine.execution.InvocationInterceptorChain$ValidatingInvocation.proceed(InvocationInterceptorChain.java:131)&#13;
	at org.junit.jupiter.engine.extension.TimeoutExtension.intercept(TimeoutExtension.java:149)&#13;
	at org.junit.jupiter.engine.extension.TimeoutExtension.interceptTestableMethod(TimeoutExtension.java:140)&#13;
	at org.junit.jupiter.engine.extension.TimeoutExtension.interceptTestMethod(TimeoutExtension.java:84)&#13;
	at org.junit.jupiter.engine.execution.ExecutableInvoker$ReflectiveInterceptorCall.lambda$ofVoidMethod$0(ExecutableInvoker.java:115)&#13;
	at org.junit.jupiter.engine.execution.ExecutableInvoker.lambda$invoke$0(ExecutableInvoker.java:105)&#13;
	at org.junit.jupiter.engine.execution.InvocationInterceptorChain$InterceptedInvocation.proceed(InvocationInterceptorChain.java:106)&#13;
	at org.junit.jupiter.engine.execution.InvocationInterceptorChain.proceed(InvocationInterceptorChain.java:64)&#13;
	at org.junit.jupiter.engine.execution.InvocationInterceptorChain.chainAndInvoke(InvocationInterceptorChain.java:45)&#13;
	at org.junit.jupiter.engine.execution.InvocationInterceptorChain.invoke(InvocationInterceptorChain.java:37)&#13;
	at org.junit.jupiter.engine.execution.ExecutableInvoker.invoke(ExecutableInvoker.java:104)&#13;
	at org.junit.jupiter.engine.execution.ExecutableInvoker.invoke(ExecutableInvoker.java:98)&#13;
	at org.junit.jupiter.engine.descriptor.TestMethodTestDescriptor.lambda$invokeTestMethod$6(TestMethodTestDescriptor.java:210)&#13;
	at org.junit.platform.engine.support.hierarchical.ThrowableCollector.execute(ThrowableCollector.java:73)&#13;
	at org.junit.jupiter.engine.descriptor.TestMethodTestDescriptor.invokeTestMethod(TestMethodTestDescriptor.java:206)&#13;
	at org.junit.jupiter.engine.descriptor.TestMethodTestDescriptor.execute(TestMethodTestDescriptor.java:131)&#13;
	at org.junit.jupiter.engine.descriptor.TestMethodTestDescriptor.execute(TestMethodTestDescriptor.java:65)&#13;
	at org.junit.platform.engine.support.hierarchical.NodeTestTask.lambda$executeRecursively$5(NodeTestTask.java:139)&#13;
	at org.junit.platform.engine.support.hierarchical.ThrowableCollector.execute(ThrowableCollector.java:73)&#13;
	at org.junit.platform.engine.support.hierarchical.NodeTestTask.lambda$executeRecursively$7(NodeTestTask.java:129)&#13;
	at org.junit.platform.engine.support.hierarchical.Node.around(Node.java:137)&#13;
	at org.junit.platform.engine.support.hierarchical.NodeTestTask.lambda$executeRecursively$8(NodeTestTask.java:127)&#13;
	at org.junit.platform.engine.support.hierarchical.ThrowableCollector.execute(ThrowableCollector.java:73)&#13;
	at org.junit.platform.engine.support.hierarchical.NodeTestTask.executeRecursively(NodeTestTask.java:126)&#13;
	at org.junit.platform.engine.support.hierarchical.NodeTestTask.execute(NodeTestTask.java:84)&#13;
	at java.base/java.util.ArrayList.forEach(ArrayList.java:1511)&#13;
	at org.junit.platform.engine.support.hierarchical.SameThreadHierarchicalTestExecutorService.invokeAll(SameThreadHierarchicalTestExecutorService.java:38)&#13;
	at org.junit.platform.engine.support.hierarchical.NodeTestTask.lambda$executeRecursively$5(NodeTestTask.java:143)&#13;
	at org.junit.platform.engine.support.hierarchical.ThrowableCollector.execute(ThrowableCollector.java:73)&#13;
	at org.junit.platform.engine.support.hierarchical.NodeTestTask.lambda$executeRecursively$7(NodeTestTask.java:129)&#13;
	at org.junit.platform.engine.support.hierarchical.Node.around(Node.java:137)&#13;
	at org.junit.platform.engine.support.hierarchical.NodeTestTask.lambda$executeRecursively$8(NodeTestTask.java:127)&#13;
	at org.junit.platform.engine.support.hierarchical.ThrowableCollector.execute(ThrowableCollector.java:73)&#13;
	at org.junit.platform.engine.support.hierarchical.NodeTestTask.executeRecursively(NodeTestTask.java:126)&#13;
	at org.junit.platform.engine.support.hierarchical.NodeTestTask.execute(NodeTestTask.java:84)&#13;
	at java.base/java.util.ArrayList.forEach(ArrayList.java:1511)&#13;
	at org.junit.platform.engine.support.hierarchical.SameThreadHierarchicalTestExecutorService.invokeAll(SameThreadHierarchicalTestExecutorService.java:38)&#13;
	at org.junit.platform.engine.support.hierarchical.NodeTestTask.lambda$executeRecursively$5(NodeTestTask.java:143)&#13;
	at org.junit.platform.engine.support.hierarchical.ThrowableCollector.execute(ThrowableCollector.java:73)&#13;
	at org.junit.platform.engine.support.hierarchical.NodeTestTask.lambda$executeRecursively$7(NodeTestTask.java:129)&#13;
	at org.junit.platform.engine.support.hierarchical.Node.around(Node.java:137)&#13;
	at org.junit.platform.engine.support.hierarchical.NodeTestTask.lambda$executeRecursively$8(NodeTestTask.java:127)&#13;
	at org.junit.platform.engine.support.hierarchical.ThrowableCollector.execute(ThrowableCollector.java:73)&#13;
	at org.junit.platform.engine.support.hierarchical.NodeTestTask.executeRecursively(NodeTestTask.java:126)&#13;
	at org.junit.platform.engine.support.hierarchical.NodeTestTask.execute(NodeTestTask.java:84)&#13;
	at org.junit.platform.engine.support.hierarchical.SameThreadHierarchicalTestExecutorService.submit(SameThreadHierarchicalTestExecutorService.java:32)&#13;
	at org.junit.platform.engine.support.hierarchical.HierarchicalTestExecutor.execute(HierarchicalTestExecutor.java:57)&#13;
	at org.junit.platform.engine.support.hierarchical.HierarchicalTestEngine.execute(HierarchicalTestEngine.java:51)&#13;
	at org.junit.platform.launcher.core.EngineExecutionOrchestrator.execute(EngineExecutionOrchestrator.java:108)&#13;
	at org.junit.platform.launcher.core.EngineExecutionOrchestrator.execute(EngineExecutionOrchestrator.java:88)&#13;
	at org.junit.platform.launcher.core.EngineExecutionOrchestrator.lambda$execute$0(EngineExecutionOrchestrator.java:54)&#13;
	at org.junit.platform.launcher.core.EngineExecutionOrchestrator.withInterceptedStreams(EngineExecutionOrchestrator.java:67)&#13;
	at org.junit.platform.launcher.core.EngineExecutionOrchestrator.execute(EngineExecutionOrchestrator.java:52)&#13;
	at org.junit.platform.launcher.core.DefaultLauncher.execute(DefaultLauncher.java:96)&#13;
	at org.junit.platform.launcher.core.DefaultLauncher.execute(DefaultLauncher.java:84)&#13;
	at org.eclipse.jdt.internal.junit5.runner.JUnit5TestReference.run(JUnit5TestReference.java:98)&#13;
	at org.eclipse.jdt.internal.junit.runner.TestExecution.run(TestExecution.java:40)&#13;
	at org.eclipse.jdt.internal.junit.runner.RemoteTestRunner.runTests(RemoteTestRunner.java:541)&#13;
	at org.eclipse.jdt.internal.junit.runner.RemoteTestRunner.runTests(RemoteTestRunner.java:768)&#13;
	at org.eclipse.jdt.internal.junit.runner.RemoteTestRunner.run(RemoteTestRunner.java:464)&#13;
	at org.eclipse.jdt.internal.junit.runner.RemoteTestRunner.main(RemoteTestRunner.java:210)&#13;
Caused by: java.lang.NullPointerException: Cannot invoke "java.util.Optional.isPresent()" because "product" is null&#13;
	at com.test.demo.services.ProductService.getProduct(ProductService.java:25)&#13;
	at com.test.demo.services.tests.ProductServiceTest.lambda$0(ProductServiceTest.java:71)&#13;
	at org.junit.jupiter.api.AssertThrows.assertThrows(AssertThrows.java:55)&#13;
	... 70 more&#13;
&#13;
</failure>
    </testcase>
    <testcase name="testGetById" classname="com.test.demo.services.tests.ProductServiceTest" time="0.026" displayname="Test getById Success" uniqueid="[engine:junit-jupiter]/[class:com.test.demo.services.tests.ProductServiceTest]/[method:testGetById()]"/>
    <testcase name="testUpdateProduct" classname="com.test.demo.services.tests.ProductServiceTest" time="0.006" displayname="Test updateProduct Success" uniqueid="[engine:junit-jupiter]/[class:com.test.demo.services.tests.ProductServiceTest]/[method:testUpdateProduct()]"/>
    <testcase name="testAddProduct" classname="com.test.demo.services.tests.ProductServiceTest" time="0.004" displayname="Test addProduct Success" uniqueid="[engine:junit-jupiter]/[class:com.test.demo.services.tests.ProductServiceTest]/[method:testAddProduct()]"/>
    <testcase name="testDeleteById" classname="com.test.demo.services.tests.ProductServiceTest" time="0.004" displayname="Test deleteById Success" uniqueid="[engine:junit-jupiter]/[class:com.test.demo.services.tests.ProductServiceTest]/[method:testDeleteById()]"/>
    <testcase name="testGetAll" classname="com.test.demo.services.tests.ProductServiceTest" time="0.002" displayname="Test getAll Success" uniqueid="[engine:junit-jupiter]/[class:com.test.demo.services.tests.ProductServiceTest]/[method:testGetAll()]"/>
  </testsuite>
  <testsuite name="com.test.demo.services.tests.AccountsServiceTests" time="0.009" displayname="AccountsServiceTests" uniqueid="[engine:junit-jupiter]/[class:com.test.demo.services.tests.AccountsServiceTests]">
    <testcase name="testRegisterDuplicateUser" classname="com.test.demo.services.tests.AccountsServiceTests" time="0.005" displayname="Test register Duplicate User" uniqueid="[engine:junit-jupiter]/[class:com.test.demo.services.tests.AccountsServiceTests]/[method:testRegisterDuplicateUser()]"/>
    <testcase name="testRegister" classname="com.test.demo.services.tests.AccountsServiceTests" time="0.004" displayname="Test register Success" uniqueid="[engine:junit-jupiter]/[class:com.test.demo.services.tests.AccountsServiceTests]/[method:testRegister()]"/>
  </testsuite>
  <testsuite name="com.test.demo.controllers.tests.ProductControllerTest" time="0.016" displayname="ProductControllerTest" uniqueid="[engine:junit-jupiter]/[class:com.test.demo.controllers.tests.ProductControllerTest]">
    <testcase name="testGetById" classname="com.test.demo.controllers.tests.ProductControllerTest" time="0.004" displayname="Test getById Success" uniqueid="[engine:junit-jupiter]/[class:com.test.demo.controllers.tests.ProductControllerTest]/[method:testGetById()]"/>
    <testcase name="testUpdateProduct" classname="com.test.demo.controllers.tests.ProductControllerTest" time="0.003" displayname="Test updateProduct Success" uniqueid="[engine:junit-jupiter]/[class:com.test.demo.controllers.tests.ProductControllerTest]/[method:testUpdateProduct()]"/>
    <testcase name="testAddProduct" classname="com.test.demo.controllers.tests.ProductControllerTest" time="0.003" displayname="Test addProduct Success" uniqueid="[engine:junit-jupiter]/[class:com.test.demo.controllers.tests.ProductControllerTest]/[method:testAddProduct()]"/>
    <testcase name="testDeleteById" classname="com.test.demo.controllers.tests.ProductControllerTest" time="0.002" displayname="Test deleteById Success" uniqueid="[engine:junit-jupiter]/[class:com.test.demo.controllers.tests.ProductControllerTest]/[method:testDeleteById()]"/>
    <testcase name="testGetAll" classname="com.test.demo.controllers.tests.ProductControllerTest" time="0.002" displayname="Test getAll Success" uniqueid="[engine:junit-jupiter]/[class:com.test.demo.controllers.tests.ProductControllerTest]/[method:testGetAll()]"/>
  </testsuite>
  <testsuite name="com.test.demo.controllers.tests.AccountsControllerTests" time="0.023" displayname="AccountsControllerTests" uniqueid="[engine:junit-jupiter]/[class:com.test.demo.controllers.tests.AccountsControllerTests]">
    <testcase name="testLoginInvalidUserCredentials" classname="com.test.demo.controllers.tests.AccountsControllerTests" time="0.005" displayname="Test login Invalid Credentials" uniqueid="[engine:junit-jupiter]/[class:com.test.demo.controllers.tests.AccountsControllerTests]/[method:testLoginInvalidUserCredentials()]"/>
    <testcase name="testLogin" classname="com.test.demo.controllers.tests.AccountsControllerTests" time="0.007" displayname="Test login Success" uniqueid="[engine:junit-jupiter]/[class:com.test.demo.controllers.tests.AccountsControllerTests]/[method:testLogin()]"/>
    <testcase name="testRegisterDuplicateUser" classname="com.test.demo.controllers.tests.AccountsControllerTests" time="0.003" displayname="Test register Duplicate User" uniqueid="[engine:junit-jupiter]/[class:com.test.demo.controllers.tests.AccountsControllerTests]/[method:testRegisterDuplicateUser()]"/>
    <testcase name="testRegister" classname="com.test.demo.controllers.tests.AccountsControllerTests" time="0.002" displayname="Test register Success" uniqueid="[engine:junit-jupiter]/[class:com.test.demo.controllers.tests.AccountsControllerTests]/[method:testRegister()]"/>
    <testcase name="testLoginInvalidUserName" classname="com.test.demo.controllers.tests.AccountsControllerTests" time="0.003" displayname="Test login Invalid Username" uniqueid="[engine:junit-jupiter]/[class:com.test.demo.controllers.tests.AccountsControllerTests]/[method:testLoginInvalidUserName()]"/>
  </testsuite>
</testrun>
